Построение начато 25.12.2022 22:55:48.
     1>Проект "C:\Users\79374\Desktop\llab7\llab7\llab7\llab7.vcxproj" в узле 2 (целевые объекты build).
     1>InitializeBuildStatus:
         Создание "Debug\llab7.unsuccessfulbuild", так как было задано "AlwaysCreate".
       ClCompile:
         E:\2010\VC\bin\CL.exe /c /ZI /nologo /W3 /WX- /Od /Oy- /D WIN32 /D _DEBUG /D _CONSOLE /D _UNICODE /D UNICODE /Gm /EHsc /RTC1 /MDd /GS /fp:precise /Zc:wchar_t /Zc:forScope /Fo"Debug\\" /Fd"Debug\vc100.pdb" /Gd /TP /analyze- /errorReport:prompt llab7.cpp stdafx.cpp
         stdafx.cpp
         llab7.cpp
     1>c:\users\79374\desktop\llab7\llab7\llab7\llab7.cpp(21): warning C4244: аргумент: преобразование "time_t" в "unsigned int", возможна потеря данных
         Создание кода...
       ManifestResourceCompile:
         C:\Program Files (x86)\Microsoft SDKs\Windows\v7.0A\bin\rc.exe /nologo /fo"Debug\llab7.exe.embed.manifest.res" Debug\llab7_manifest.rc 
       Link:
         E:\2010\VC\bin\link.exe /ERRORREPORT:PROMPT /OUT:"C:\Users\79374\Desktop\llab7\llab7\Debug\llab7.exe" /INCREMENTAL /NOLOGO kernel32.lib user32.lib gdi32.lib winspool.lib comdlg32.lib advapi32.lib shell32.lib ole32.lib oleaut32.lib uuid.lib odbc32.lib odbccp32.lib /MANIFEST /ManifestFile:"Debug\llab7.exe.intermediate.manifest" /MANIFESTUAC:"level='asInvoker' uiAccess='false'" /DEBUG /PDB:"C:\Users\79374\Desktop\llab7\llab7\Debug\llab7.pdb" /SUBSYSTEM:CONSOLE /TLBID:1 /DYNAMICBASE /NXCOMPAT /IMPLIB:"C:\Users\79374\Desktop\llab7\llab7\Debug\llab7.lib" /MACHINE:X86 Debug\llab7.exe.embed.manifest.res
         Debug\llab7.obj
         Debug\stdafx.obj
       Manifest:
         C:\Program Files (x86)\Microsoft SDKs\Windows\v7.0A\bin\mt.exe /nologo /verbose /out:"Debug\llab7.exe.embed.manifest" /manifest Debug\llab7.exe.intermediate.manifest
         Для всех выходных данных обновления не требуется.
       LinkEmbedManifest:
         Для всех выходных данных обновления не требуется.
         llab7.vcxproj -> C:\Users\79374\Desktop\llab7\llab7\Debug\llab7.exe
       FinalizeBuildStatus:
         Файл "Debug\llab7.unsuccessfulbuild" удаляется.
         Обращение к "Debug\llab7.lastbuildstate".
     1>Построение проекта "C:\Users\79374\Desktop\llab7\llab7\llab7\llab7.vcxproj" завершено (целевые объекты build).

Построение успешно завершено.

Затраченное время: 00:00:01.23
